e:\gitfork\3dmodelviewer\graphicsprogramming\x64\debug\vc143.pdb
e:\gitfork\3dmodelviewer\graphicsprogramming\x64\debug\vc143.idb
e:\gitfork\3dmodelviewer\graphicsprogramming\x64\debug\viewport.obj
e:\gitfork\3dmodelviewer\graphicsprogramming\x64\debug\stb.obj
e:\gitfork\3dmodelviewer\graphicsprogramming\x64\debug\shader.obj
e:\gitfork\3dmodelviewer\graphicsprogramming\x64\debug\mesh.obj
e:\gitfork\3dmodelviewer\graphicsprogramming\x64\debug\material.obj
e:\gitfork\3dmodelviewer\graphicsprogramming\x64\debug\main.obj
e:\gitfork\3dmodelviewer\graphicsprogramming\x64\debug\filesystem.obj
e:\gitfork\3dmodelviewer\graphicsprogramming\x64\debug\errorhandler.obj
e:\gitfork\3dmodelviewer\graphicsprogramming\x64\debug\engine.obj
e:\gitfork\3dmodelviewer\graphicsprogramming\x64\debug\glad.obj
e:\gitfork\3dmodelviewer\graphicsprogramming\x64\debug\graphicsprogramming.ilk
e:\gitfork\3dmodelviewer\x64\debug\graphicsprogramming.exe
e:\gitfork\3dmodelviewer\x64\debug\graphicsprogramming.pdb
e:\gitfork\3dmodelviewer\graphicsprogramming\x64\debug\modelviewer.ilk
e:\gitfork\3dmodelviewer\graphicsprogramming\x64\debug\graphics.b3e45962.tlog\cl.command.1.tlog
e:\gitfork\3dmodelviewer\graphicsprogramming\x64\debug\graphics.b3e45962.tlog\cl.items.tlog
e:\gitfork\3dmodelviewer\graphicsprogramming\x64\debug\graphics.b3e45962.tlog\cl.read.1.tlog
e:\gitfork\3dmodelviewer\graphicsprogramming\x64\debug\graphics.b3e45962.tlog\cl.write.1.tlog
e:\gitfork\3dmodelviewer\graphicsprogramming\x64\debug\graphics.b3e45962.tlog\link.command.1.tlog
e:\gitfork\3dmodelviewer\graphicsprogramming\x64\debug\graphics.b3e45962.tlog\link.read.1.tlog
e:\gitfork\3dmodelviewer\graphicsprogramming\x64\debug\graphics.b3e45962.tlog\link.write.1.tlog
